2018-12-20 15:57:38,569 - 26 - DEBUG    - debug message
2018-12-20 15:57:38,569 - 27 - INFO     - info message
2018-12-20 15:57:38,569 - 28 - WARNING  - warn message
2018-12-20 15:57:38,569 - 29 - ERROR    - error message
2018-12-20 15:57:38,571 - 30 - CRITICAL - critical message
2018-12-20 15:57:48,963 - 26 - DEBUG    - debug message
2018-12-20 15:57:48,963 - 27 - INFO     - info message
2018-12-20 15:57:48,963 - 28 - WARNING  - warn message
2018-12-20 15:57:48,963 - 29 - ERROR    - error message
2018-12-20 15:57:48,963 - 30 - CRITICAL - critical message
2018-12-20 15:57:51,061 - 26 - DEBUG    - debug message
2018-12-20 15:57:51,061 - 27 - INFO     - info message
2018-12-20 15:57:51,061 - 28 - WARNING  - warn message
2018-12-20 15:57:51,062 - 29 - ERROR    - error message
2018-12-20 15:57:51,062 - 30 - CRITICAL - critical message
2018-12-20 15:57:56,039 - 26 - DEBUG    - debug message
2018-12-20 15:57:56,039 - 27 - INFO     - info message
2018-12-20 15:57:56,039 - 28 - WARNING  - warn message
2018-12-20 15:57:56,039 - 29 - ERROR    - error message
2018-12-20 15:57:56,040 - 30 - CRITICAL - critical message
